<?xml version="1.0" encoding="UTF-8"?>
<testng-results skipped="0" failed="1" ignored="0" total="1" passed="0">
  <reporter-output>
  </reporter-output>
  <suite name="FirstSuite" duration-ms="8150" started-at="2018-11-21T07:05:38Z" finished-at="2018-11-21T07:05:46Z">
    <groups>
    </groups>
    <test name="FirstTest" duration-ms="8150" started-at="2018-11-21T07:05:38Z" finished-at="2018-11-21T07:05:46Z">
      <class name="tests.LoginTests">
        <test-method status="PASS" signature="setup(java.lang.String)[pri:0, instance:tests.LoginTests@63bdea9e]" name="setup" is-config="true" duration-ms="8126" started-at="2018-11-21T14:05:38Z" finished-at="2018-11-21T14:05:46Z">
          <params>
            <param index="0">
              <value>
                <![CDATA[firefox]]>
              </value>
            </param>
          </params>
          <reporter-output>
          </reporter-output>
        </test-method> <!-- setup -->
        <test-method status="FAIL" signature="login(java.lang.String, java.lang.String)[pri:0, instance:tests.LoginTests@63bdea9e]" name="login" duration-ms="12" started-at="2018-11-21T14:05:46Z" description="Perform login successfully for Gmail page" data-provider="credentialData" finished-at="2018-11-21T14:05:46Z">
          <params>
            <param index="0">
              <value>
                <![CDATA[ndqa.kms@gmail.com]]>
              </value>
            </param>
            <param index="1">
              <value>
                <![CDATA[Password1#]]>
              </value>
            </param>
          </params>
          <exception class="java.lang.NullPointerException">
            <full-stacktrace>
              <![CDATA[java.lang.NullPointerExceptionat java.util.Objects.requireNonNull(Objects.java:203)at org.openqa.selenium.support.ui.FluentWait.<init>(FluentWait.java:106)at org.openqa.selenium.support.ui.WebDriverWait.<init>(WebDriverWait.java:85)at org.openqa.selenium.support.ui.WebDriverWait.<init>(WebDriverWait.java:45)at pages.BasePage.<init>(BasePage.java:23)at pages.HomePage.<init>(HomePage.java:12)at tests.LoginTests.login(LoginTests.java:24)at sun.reflect.NativeMethodAccessorImpl.invoke0(Native Method)at sun.reflect.NativeMethodAccessorImpl.invoke(NativeMethodAccessorImpl.java:62)at sun.reflect.DelegatingMethodAccessorImpl.invoke(DelegatingMethodAccessorImpl.java:43)at java.lang.reflect.Method.invoke(Method.java:498)at org.testng.internal.MethodInvocationHelper.invokeMethod(MethodInvocationHelper.java:124)at org.testng.internal.Invoker.invokeMethod(Invoker.java:571)at org.testng.internal.Invoker.invokeTestMethod(Invoker.java:707)at org.testng.internal.Invoker.invokeTestMethods(Invoker.java:979)at org.testng.internal.TestMethodWorker.invokeTestMethods(TestMethodWorker.java:125)at org.testng.internal.TestMethodWorker.run(TestMethodWorker.java:109)at org.testng.TestRunner.privateRun(TestRunner.java:648)at org.testng.TestRunner.run(TestRunner.java:505)at org.testng.SuiteRunner.runTest(SuiteRunner.java:455)at org.testng.SuiteRunner.runSequentially(SuiteRunner.java:450)at org.testng.SuiteRunner.privateRun(SuiteRunner.java:415)at org.testng.SuiteRunner.run(SuiteRunner.java:364)at org.testng.SuiteRunnerWorker.runSuite(SuiteRunnerWorker.java:52)at org.testng.SuiteRunnerWorker.run(SuiteRunnerWorker.java:84)at org.testng.TestNG.runSuitesSequentially(TestNG.java:1187)at org.testng.TestNG.runSuitesLocally(TestNG.java:1116)at org.testng.TestNG.runSuites(TestNG.java:1028)at org.testng.TestNG.run(TestNG.java:996)at org.gradle.api.internal.tasks.testing.testng.TestNGTestClassProcessor.runTests(TestNGTestClassProcessor.java:139)at org.gradle.api.internal.tasks.testing.testng.TestNGTestClassProcessor.stop(TestNGTestClassProcessor.java:89)at org.gradle.api.internal.tasks.testing.SuiteTestClassProcessor.stop(SuiteTestClassProcessor.java:61)at sun.reflect.NativeMethodAccessorImpl.invoke0(Native Method)at sun.reflect.NativeMethodAccessorImpl.invoke(NativeMethodAccessorImpl.java:62)at sun.reflect.DelegatingMethodAccessorImpl.invoke(DelegatingMethodAccessorImpl.java:43)at java.lang.reflect.Method.invoke(Method.java:498)at org.gradle.internal.dispatch.ReflectionDispatch.dispatch(ReflectionDispatch.java:35)at org.gradle.internal.dispatch.ReflectionDispatch.dispatch(ReflectionDispatch.java:24)at org.gradle.internal.dispatch.ContextClassLoaderDispatch.dispatch(ContextClassLoaderDispatch.java:32)at org.gradle.internal.dispatch.ProxyDispatchAdapter$DispatchingInvocationHandler.invoke(ProxyDispatchAdapter.java:93)at com.sun.proxy.$Proxy1.stop(Unknown Source)at org.gradle.api.internal.tasks.testing.worker.TestWorker.stop(TestWorker.java:123)at sun.reflect.NativeMethodAccessorImpl.invoke0(Native Method)at sun.reflect.NativeMethodAccessorImpl.invoke(NativeMethodAccessorImpl.java:62)at sun.reflect.DelegatingMethodAccessorImpl.invoke(DelegatingMethodAccessorImpl.java:43)at java.lang.reflect.Method.invoke(Method.java:498)at org.gradle.internal.dispatch.ReflectionDispatch.dispatch(ReflectionDispatch.java:35)at org.gradle.internal.dispatch.ReflectionDispatch.dispatch(ReflectionDispatch.java:24)at org.gradle.internal.remote.internal.hub.MessageHubBackedObjectConnection$DispatchWrapper.dispatch(MessageHubBackedObjectConnection.java:155)at org.gradle.internal.remote.internal.hub.MessageHubBackedObjectConnection$DispatchWrapper.dispatch(MessageHubBackedObjectConnection.java:137)at org.gradle.internal.remote.internal.hub.MessageHub$Handler.run(MessageHub.java:404)at org.gradle.internal.concurrent.ExecutorPolicy$CatchAndRecordFailures.onExecute(ExecutorPolicy.java:63)at org.gradle.internal.concurrent.ManagedExecutorImpl$1.run(ManagedExecutorImpl.java:46)at java.util.concurrent.ThreadPoolExecutor.runWorker(ThreadPoolExecutor.java:1149)at java.util.concurrent.ThreadPoolExecutor$Worker.run(ThreadPoolExecutor.java:624)at org.gradle.internal.concurrent.ThreadFactoryImpl$ManagedThreadRunnable.run(ThreadFactoryImpl.java:55)at java.lang.Thread.run(Thread.java:748)]]>
            </full-stacktrace>
          </exception> <!-- java.lang.NullPointerException -->
          <reporter-output>
          </reporter-output>
        </test-method> <!-- login -->
        <test-method status="PASS" signature="BeforeMethod()[pri:0, instance:tests.LoginTests@63bdea9e]" name="BeforeMethod" is-config="true" duration-ms="0" started-at="2018-11-21T14:05:46Z" finished-at="2018-11-21T14:05:46Z">
          <reporter-output>
          </reporter-output>
        </test-method> <!-- BeforeMethod -->
        <test-method status="PASS" signature="AfterMethod()[pri:0, instance:tests.LoginTests@63bdea9e]" name="AfterMethod" is-config="true" duration-ms="1" started-at="2018-11-21T14:05:46Z" finished-at="2018-11-21T14:05:46Z">
          <reporter-output>
          </reporter-output>
        </test-method> <!-- AfterMethod -->
        <test-method status="PASS" signature="closeBrowser()[pri:0, instance:tests.LoginTests@63bdea9e]" name="closeBrowser" is-config="true" duration-ms="0" started-at="2018-11-21T14:05:46Z" finished-at="2018-11-21T14:05:46Z">
          <reporter-output>
          </reporter-output>
        </test-method> <!-- closeBrowser -->
      </class> <!-- tests.LoginTests -->
    </test> <!-- FirstTest -->
  </suite> <!-- FirstSuite -->
</testng-results>
